<?xml version="1.0" encoding="UTF-8"?>
<!-- Generated by org.testng.reporters.JUnitReportReporter -->
<testsuite skipped="0" hostname="AS-40" name="Subscribe.Jawwy.testcases.OpenURL_Test" tests="13" failures="0" timestamp="2023-03-19T01:45:26 EET" time="42.460" errors="0">
  <testcase name="setup" time="3.483" classname="Subscribe.Jawwy.testcases.OpenURL_Test"/>
  <system-out/>
  <testcase name="setup" time="3.267" classname="Subscribe.Jawwy.testcases.OpenURL_Test"/>
  <system-out/>
  <testcase name="setup" time="4.110" classname="Subscribe.Jawwy.testcases.OpenURL_Test"/>
  <system-out/>
  <testcase name="setup" time="3.059" classname="Subscribe.Jawwy.testcases.OpenURL_Test"/>
  <system-out/>
  <testcase name="setup" time="3.072" classname="Subscribe.Jawwy.testcases.OpenURL_Test"/>
  <system-out/>
  <testcase name="setup" time="3.192" classname="Subscribe.Jawwy.testcases.OpenURL_Test"/>
  <system-out/>
  <testcase name="setup" time="3.091" classname="Subscribe.Jawwy.testcases.OpenURL_Test"/>
  <system-out/>
  <testcase name="setup" time="3.665" classname="Subscribe.Jawwy.testcases.OpenURL_Test"/>
  <system-out/>
  <testcase name="setup" time="2.974" classname="Subscribe.Jawwy.testcases.OpenURL_Test"/>
  <system-out/>
  <testcase name="setup" time="3.121" classname="Subscribe.Jawwy.testcases.OpenURL_Test"/>
  <system-out/>
  <testcase name="setup" time="3.113" classname="Subscribe.Jawwy.testcases.OpenURL_Test"/>
  <system-out/>
  <testcase name="setup" time="3.270" classname="Subscribe.Jawwy.testcases.OpenURL_Test"/>
  <system-out/>
  <testcase name="setup" time="3.043" classname="Subscribe.Jawwy.testcases.OpenURL_Test"/>
  <system-out/>
</testsuite> <!-- Subscribe.Jawwy.testcases.OpenURL_Test -->
