<?xml version="1.0" encoding="UTF-8"?>
<!-- Generated by org.testng.reporters.JUnitReportReporter -->
<testsuite skipped="0" hostname="AS-40" name="Subscribe.Jawwy.testcases.Validate_Lebanon_Country_currency_Price_Test" tests="2" failures="0" timestamp="2023-03-19T01:38:43 EET" time="0.274" errors="0">
  <testcase name="Get_Country_currency_Package" time="0.248" classname="Subscribe.Jawwy.testcases.Validate_Lebanon_Country_currency_Price_Test"/>
  <system-out/>
  <testcase name="Validate_Country_Currency_Package" time="0.026" classname="Subscribe.Jawwy.testcases.Validate_Lebanon_Country_currency_Price_Test"/>
  <system-out/>
</testsuite> <!-- Subscribe.Jawwy.testcases.Validate_Lebanon_Country_currency_Price_Test -->
