<?xml version="1.0" encoding="UTF-8"?>
<!-- Generated by org.testng.reporters.JUnitReportReporter -->
<testsuite skipped="0" hostname="AS-40" name="Subscribe.Jawwy.testcases.UAE_Country_Selector_Test" tests="2" failures="0" timestamp="2023-03-19T01:38:43 EET" time="1.421" errors="0">
  <testcase name="Countryselector" time="0.180" classname="Subscribe.Jawwy.testcases.UAE_Country_Selector_Test"/>
  <system-out/>
  <testcase name="UAE" time="1.241" classname="Subscribe.Jawwy.testcases.UAE_Country_Selector_Test"/>
  <system-out/>
</testsuite> <!-- Subscribe.Jawwy.testcases.UAE_Country_Selector_Test -->
