<?xml version="1.0" encoding="UTF-8"?>
<!-- Generated by org.testng.reporters.JUnitReportReporter -->
<testsuite skipped="0" hostname="AS-40" name="Subscribe.Jawwy.testcases.Country_Selector_Test" tests="3" failures="0" timestamp="2023-03-18T19:55:32 EET" time="1.491" errors="0">
  <testcase name="Countryselector" time="0.170" classname="Subscribe.Jawwy.testcases.Country_Selector_Test"/>
  <system-out/>
  <testcase name="Egypt" time="1.157" classname="Subscribe.Jawwy.testcases.Country_Selector_Test"/>
  <system-out/>
  <testcase name="UAE" time="0.164" classname="Subscribe.Jawwy.testcases.Country_Selector_Test"/>
  <system-out/>
</testsuite> <!-- Subscribe.Jawwy.testcases.Country_Selector_Test -->
