<?xml version="1.0" encoding="UTF-8"?>
<!-- Generated by org.testng.reporters.JUnitReportReporter -->
<testsuite skipped="0" hostname="AS-40" name="Subscribe.Jawwy.testcases.Validate_Avalaible_Packages_Test" tests="9" failures="0" timestamp="2023-03-18T19:55:32 EET" time="1.215" errors="0">
  <testcase name="check_Lite_Package" time="0.460" classname="Subscribe.Jawwy.testcases.Validate_Avalaible_Packages_Test"/>
  <system-out/>
  <testcase name="check_Lite_Package" time="0.093" classname="Subscribe.Jawwy.testcases.Validate_Avalaible_Packages_Test"/>
  <system-out/>
  <testcase name="check_Lite_Package" time="0.089" classname="Subscribe.Jawwy.testcases.Validate_Avalaible_Packages_Test"/>
  <system-out/>
  <testcase name="check_classic_Package" time="0.143" classname="Subscribe.Jawwy.testcases.Validate_Avalaible_Packages_Test"/>
  <system-out/>
  <testcase name="check_classic_Package" time="0.106" classname="Subscribe.Jawwy.testcases.Validate_Avalaible_Packages_Test"/>
  <system-out/>
  <testcase name="check_classic_Package" time="0.082" classname="Subscribe.Jawwy.testcases.Validate_Avalaible_Packages_Test"/>
  <system-out/>
  <testcase name="check_PREMIUM_Package" time="0.076" classname="Subscribe.Jawwy.testcases.Validate_Avalaible_Packages_Test"/>
  <system-out/>
  <testcase name="check_PREMIUM_Package" time="0.076" classname="Subscribe.Jawwy.testcases.Validate_Avalaible_Packages_Test"/>
  <system-out/>
  <testcase name="check_PREMIUM_Package" time="0.090" classname="Subscribe.Jawwy.testcases.Validate_Avalaible_Packages_Test"/>
  <system-out/>
</testsuite> <!-- Subscribe.Jawwy.testcases.Validate_Avalaible_Packages_Test -->
