<?xml version="1.0" encoding="UTF-8"?>
<!-- Generated by org.testng.reporters.JUnitReportReporter -->
<testsuite skipped="0" hostname="AS-40" name="Subscribe.Jawwy.testcases.CloseURL_Test" tests="3" failures="0" timestamp="2023-03-18T19:55:32 EET" time="0.315" errors="0">
  <testcase name="close" time="0.087" classname="Subscribe.Jawwy.testcases.CloseURL_Test"/>
  <system-out/>
  <testcase name="close" time="0.124" classname="Subscribe.Jawwy.testcases.CloseURL_Test"/>
  <system-out/>
  <testcase name="close" time="0.104" classname="Subscribe.Jawwy.testcases.CloseURL_Test"/>
  <system-out/>
</testsuite> <!-- Subscribe.Jawwy.testcases.CloseURL_Test -->
