<?xml version="1.0" encoding="UTF-8"?>
<!-- Generated by org.testng.reporters.JUnitReportReporter -->
<testsuite skipped="0" hostname="AS-40" name="Subscribe.Jawwy.testcases.Validate_Avalaible_Packages_Test" tests="39" failures="0" timestamp="2023-03-19T01:45:26 EET" time="3.942" errors="0">
  <testcase name="check_Lite_Package" time="0.155" classname="Subscribe.Jawwy.testcases.Validate_Avalaible_Packages_Test"/>
  <system-out/>
  <testcase name="check_Lite_Package" time="0.082" classname="Subscribe.Jawwy.testcases.Validate_Avalaible_Packages_Test"/>
  <system-out/>
  <testcase name="check_Lite_Package" time="0.106" classname="Subscribe.Jawwy.testcases.Validate_Avalaible_Packages_Test"/>
  <system-out/>
  <testcase name="check_Lite_Package" time="0.159" classname="Subscribe.Jawwy.testcases.Validate_Avalaible_Packages_Test"/>
  <system-out/>
  <testcase name="check_Lite_Package" time="0.085" classname="Subscribe.Jawwy.testcases.Validate_Avalaible_Packages_Test"/>
  <system-out/>
  <testcase name="check_Lite_Package" time="0.092" classname="Subscribe.Jawwy.testcases.Validate_Avalaible_Packages_Test"/>
  <system-out/>
  <testcase name="check_Lite_Package" time="0.120" classname="Subscribe.Jawwy.testcases.Validate_Avalaible_Packages_Test"/>
  <system-out/>
  <testcase name="check_Lite_Package" time="0.112" classname="Subscribe.Jawwy.testcases.Validate_Avalaible_Packages_Test"/>
  <system-out/>
  <testcase name="check_Lite_Package" time="0.131" classname="Subscribe.Jawwy.testcases.Validate_Avalaible_Packages_Test"/>
  <system-out/>
  <testcase name="check_Lite_Package" time="0.154" classname="Subscribe.Jawwy.testcases.Validate_Avalaible_Packages_Test"/>
  <system-out/>
  <testcase name="check_Lite_Package" time="0.092" classname="Subscribe.Jawwy.testcases.Validate_Avalaible_Packages_Test"/>
  <system-out/>
  <testcase name="check_Lite_Package" time="0.092" classname="Subscribe.Jawwy.testcases.Validate_Avalaible_Packages_Test"/>
  <system-out/>
  <testcase name="check_Lite_Package" time="0.077" classname="Subscribe.Jawwy.testcases.Validate_Avalaible_Packages_Test"/>
  <system-out/>
  <testcase name="check_classic_Package" time="0.124" classname="Subscribe.Jawwy.testcases.Validate_Avalaible_Packages_Test"/>
  <system-out/>
  <testcase name="check_classic_Package" time="0.089" classname="Subscribe.Jawwy.testcases.Validate_Avalaible_Packages_Test"/>
  <system-out/>
  <testcase name="check_classic_Package" time="0.149" classname="Subscribe.Jawwy.testcases.Validate_Avalaible_Packages_Test"/>
  <system-out/>
  <testcase name="check_classic_Package" time="0.077" classname="Subscribe.Jawwy.testcases.Validate_Avalaible_Packages_Test"/>
  <system-out/>
  <testcase name="check_classic_Package" time="0.080" classname="Subscribe.Jawwy.testcases.Validate_Avalaible_Packages_Test"/>
  <system-out/>
  <testcase name="check_classic_Package" time="0.081" classname="Subscribe.Jawwy.testcases.Validate_Avalaible_Packages_Test"/>
  <system-out/>
  <testcase name="check_classic_Package" time="0.077" classname="Subscribe.Jawwy.testcases.Validate_Avalaible_Packages_Test"/>
  <system-out/>
  <testcase name="check_classic_Package" time="0.138" classname="Subscribe.Jawwy.testcases.Validate_Avalaible_Packages_Test"/>
  <system-out/>
  <testcase name="check_classic_Package" time="0.119" classname="Subscribe.Jawwy.testcases.Validate_Avalaible_Packages_Test"/>
  <system-out/>
  <testcase name="check_classic_Package" time="0.083" classname="Subscribe.Jawwy.testcases.Validate_Avalaible_Packages_Test"/>
  <system-out/>
  <testcase name="check_classic_Package" time="0.116" classname="Subscribe.Jawwy.testcases.Validate_Avalaible_Packages_Test"/>
  <system-out/>
  <testcase name="check_classic_Package" time="0.109" classname="Subscribe.Jawwy.testcases.Validate_Avalaible_Packages_Test"/>
  <system-out/>
  <testcase name="check_classic_Package" time="0.072" classname="Subscribe.Jawwy.testcases.Validate_Avalaible_Packages_Test"/>
  <system-out/>
  <testcase name="check_PREMIUM_Package" time="0.079" classname="Subscribe.Jawwy.testcases.Validate_Avalaible_Packages_Test"/>
  <system-out/>
  <testcase name="check_PREMIUM_Package" time="0.089" classname="Subscribe.Jawwy.testcases.Validate_Avalaible_Packages_Test"/>
  <system-out/>
  <testcase name="check_PREMIUM_Package" time="0.085" classname="Subscribe.Jawwy.testcases.Validate_Avalaible_Packages_Test"/>
  <system-out/>
  <testcase name="check_PREMIUM_Package" time="0.083" classname="Subscribe.Jawwy.testcases.Validate_Avalaible_Packages_Test"/>
  <system-out/>
  <testcase name="check_PREMIUM_Package" time="0.073" classname="Subscribe.Jawwy.testcases.Validate_Avalaible_Packages_Test"/>
  <system-out/>
  <testcase name="check_PREMIUM_Package" time="0.082" classname="Subscribe.Jawwy.testcases.Validate_Avalaible_Packages_Test"/>
  <system-out/>
  <testcase name="check_PREMIUM_Package" time="0.087" classname="Subscribe.Jawwy.testcases.Validate_Avalaible_Packages_Test"/>
  <system-out/>
  <testcase name="check_PREMIUM_Package" time="0.077" classname="Subscribe.Jawwy.testcases.Validate_Avalaible_Packages_Test"/>
  <system-out/>
  <testcase name="check_PREMIUM_Package" time="0.116" classname="Subscribe.Jawwy.testcases.Validate_Avalaible_Packages_Test"/>
  <system-out/>
  <testcase name="check_PREMIUM_Package" time="0.091" classname="Subscribe.Jawwy.testcases.Validate_Avalaible_Packages_Test"/>
  <system-out/>
  <testcase name="check_PREMIUM_Package" time="0.137" classname="Subscribe.Jawwy.testcases.Validate_Avalaible_Packages_Test"/>
  <system-out/>
  <testcase name="check_PREMIUM_Package" time="0.082" classname="Subscribe.Jawwy.testcases.Validate_Avalaible_Packages_Test"/>
  <system-out/>
  <testcase name="check_PREMIUM_Package" time="0.090" classname="Subscribe.Jawwy.testcases.Validate_Avalaible_Packages_Test"/>
  <system-out/>
</testsuite> <!-- Subscribe.Jawwy.testcases.Validate_Avalaible_Packages_Test -->
