<?xml version="1.0" encoding="UTF-8"?>
<!-- Generated by org.testng.reporters.JUnitReportReporter -->
<testsuite skipped="0" hostname="Hitendra-PC" name="Subscribe.Jawwy.testcases.OrderPageTest" tests="1" failures="0" timestamp="2020-07-17T23:42:09 IST" time="31.768" errors="0">
  <testcase name="verifyTotalPrice" time="31.768" classname="Subscribe.Jawwy.testcases.OrderPageTest"/>
  <system-out/>
</testsuite> <!-- Subscribe.Jawwy.testcases.OrderPageTest -->
