<?xml version="1.0" encoding="UTF-8"?>
<!-- Generated by org.testng.reporters.JUnitReportReporter -->
<testsuite skipped="0" hostname="AS-40" name="Subscribe.Jawwy.testcases.OpenURL_Test" tests="13" failures="0" timestamp="2023-03-19T01:38:43 EET" time="44.908" errors="0">
  <testcase name="setup" time="3.157" classname="Subscribe.Jawwy.testcases.OpenURL_Test"/>
  <system-out/>
  <testcase name="setup" time="3.243" classname="Subscribe.Jawwy.testcases.OpenURL_Test"/>
  <system-out/>
  <testcase name="setup" time="3.166" classname="Subscribe.Jawwy.testcases.OpenURL_Test"/>
  <system-out/>
  <testcase name="setup" time="3.214" classname="Subscribe.Jawwy.testcases.OpenURL_Test"/>
  <system-out/>
  <testcase name="setup" time="3.273" classname="Subscribe.Jawwy.testcases.OpenURL_Test"/>
  <system-out/>
  <testcase name="setup" time="3.136" classname="Subscribe.Jawwy.testcases.OpenURL_Test"/>
  <system-out/>
  <testcase name="setup" time="3.550" classname="Subscribe.Jawwy.testcases.OpenURL_Test"/>
  <system-out/>
  <testcase name="setup" time="4.645" classname="Subscribe.Jawwy.testcases.OpenURL_Test"/>
  <system-out/>
  <testcase name="setup" time="3.146" classname="Subscribe.Jawwy.testcases.OpenURL_Test"/>
  <system-out/>
  <testcase name="setup" time="3.551" classname="Subscribe.Jawwy.testcases.OpenURL_Test"/>
  <system-out/>
  <testcase name="setup" time="3.923" classname="Subscribe.Jawwy.testcases.OpenURL_Test"/>
  <system-out/>
  <testcase name="setup" time="3.300" classname="Subscribe.Jawwy.testcases.OpenURL_Test"/>
  <system-out/>
  <testcase name="setup" time="3.604" classname="Subscribe.Jawwy.testcases.OpenURL_Test"/>
  <system-out/>
</testsuite> <!-- Subscribe.Jawwy.testcases.OpenURL_Test -->
