<?xml version="1.0" encoding="UTF-8"?>
<!-- Generated by org.testng.reporters.JUnitReportReporter -->
<testsuite skipped="0" hostname="AS-40" name="Subscribe.Jawwy.testcases.Validate_Avalaible_Packages_Test" tests="39" failures="0" timestamp="2023-03-19T01:38:43 EET" time="4.095" errors="0">
  <testcase name="check_Lite_Package" time="0.097" classname="Subscribe.Jawwy.testcases.Validate_Avalaible_Packages_Test"/>
  <system-out/>
  <testcase name="check_Lite_Package" time="0.119" classname="Subscribe.Jawwy.testcases.Validate_Avalaible_Packages_Test"/>
  <system-out/>
  <testcase name="check_Lite_Package" time="0.119" classname="Subscribe.Jawwy.testcases.Validate_Avalaible_Packages_Test"/>
  <system-out/>
  <testcase name="check_Lite_Package" time="0.088" classname="Subscribe.Jawwy.testcases.Validate_Avalaible_Packages_Test"/>
  <system-out/>
  <testcase name="check_Lite_Package" time="0.117" classname="Subscribe.Jawwy.testcases.Validate_Avalaible_Packages_Test"/>
  <system-out/>
  <testcase name="check_Lite_Package" time="0.127" classname="Subscribe.Jawwy.testcases.Validate_Avalaible_Packages_Test"/>
  <system-out/>
  <testcase name="check_Lite_Package" time="0.110" classname="Subscribe.Jawwy.testcases.Validate_Avalaible_Packages_Test"/>
  <system-out/>
  <testcase name="check_Lite_Package" time="0.109" classname="Subscribe.Jawwy.testcases.Validate_Avalaible_Packages_Test"/>
  <system-out/>
  <testcase name="check_Lite_Package" time="0.157" classname="Subscribe.Jawwy.testcases.Validate_Avalaible_Packages_Test"/>
  <system-out/>
  <testcase name="check_Lite_Package" time="0.131" classname="Subscribe.Jawwy.testcases.Validate_Avalaible_Packages_Test"/>
  <system-out/>
  <testcase name="check_Lite_Package" time="0.100" classname="Subscribe.Jawwy.testcases.Validate_Avalaible_Packages_Test"/>
  <system-out/>
  <testcase name="check_Lite_Package" time="0.119" classname="Subscribe.Jawwy.testcases.Validate_Avalaible_Packages_Test"/>
  <system-out/>
  <testcase name="check_Lite_Package" time="0.145" classname="Subscribe.Jawwy.testcases.Validate_Avalaible_Packages_Test"/>
  <system-out/>
  <testcase name="check_classic_Package" time="0.082" classname="Subscribe.Jawwy.testcases.Validate_Avalaible_Packages_Test"/>
  <system-out/>
  <testcase name="check_classic_Package" time="0.086" classname="Subscribe.Jawwy.testcases.Validate_Avalaible_Packages_Test"/>
  <system-out/>
  <testcase name="check_classic_Package" time="0.097" classname="Subscribe.Jawwy.testcases.Validate_Avalaible_Packages_Test"/>
  <system-out/>
  <testcase name="check_classic_Package" time="0.094" classname="Subscribe.Jawwy.testcases.Validate_Avalaible_Packages_Test"/>
  <system-out/>
  <testcase name="check_classic_Package" time="0.083" classname="Subscribe.Jawwy.testcases.Validate_Avalaible_Packages_Test"/>
  <system-out/>
  <testcase name="check_classic_Package" time="0.089" classname="Subscribe.Jawwy.testcases.Validate_Avalaible_Packages_Test"/>
  <system-out/>
  <testcase name="check_classic_Package" time="0.356" classname="Subscribe.Jawwy.testcases.Validate_Avalaible_Packages_Test"/>
  <system-out/>
  <testcase name="check_classic_Package" time="0.091" classname="Subscribe.Jawwy.testcases.Validate_Avalaible_Packages_Test"/>
  <system-out/>
  <testcase name="check_classic_Package" time="0.133" classname="Subscribe.Jawwy.testcases.Validate_Avalaible_Packages_Test"/>
  <system-out/>
  <testcase name="check_classic_Package" time="0.072" classname="Subscribe.Jawwy.testcases.Validate_Avalaible_Packages_Test"/>
  <system-out/>
  <testcase name="check_classic_Package" time="0.070" classname="Subscribe.Jawwy.testcases.Validate_Avalaible_Packages_Test"/>
  <system-out/>
  <testcase name="check_classic_Package" time="0.079" classname="Subscribe.Jawwy.testcases.Validate_Avalaible_Packages_Test"/>
  <system-out/>
  <testcase name="check_classic_Package" time="0.084" classname="Subscribe.Jawwy.testcases.Validate_Avalaible_Packages_Test"/>
  <system-out/>
  <testcase name="check_PREMIUM_Package" time="0.083" classname="Subscribe.Jawwy.testcases.Validate_Avalaible_Packages_Test"/>
  <system-out/>
  <testcase name="check_PREMIUM_Package" time="0.102" classname="Subscribe.Jawwy.testcases.Validate_Avalaible_Packages_Test"/>
  <system-out/>
  <testcase name="check_PREMIUM_Package" time="0.086" classname="Subscribe.Jawwy.testcases.Validate_Avalaible_Packages_Test"/>
  <system-out/>
  <testcase name="check_PREMIUM_Package" time="0.081" classname="Subscribe.Jawwy.testcases.Validate_Avalaible_Packages_Test"/>
  <system-out/>
  <testcase name="check_PREMIUM_Package" time="0.104" classname="Subscribe.Jawwy.testcases.Validate_Avalaible_Packages_Test"/>
  <system-out/>
  <testcase name="check_PREMIUM_Package" time="0.119" classname="Subscribe.Jawwy.testcases.Validate_Avalaible_Packages_Test"/>
  <system-out/>
  <testcase name="check_PREMIUM_Package" time="0.080" classname="Subscribe.Jawwy.testcases.Validate_Avalaible_Packages_Test"/>
  <system-out/>
  <testcase name="check_PREMIUM_Package" time="0.083" classname="Subscribe.Jawwy.testcases.Validate_Avalaible_Packages_Test"/>
  <system-out/>
  <testcase name="check_PREMIUM_Package" time="0.085" classname="Subscribe.Jawwy.testcases.Validate_Avalaible_Packages_Test"/>
  <system-out/>
  <testcase name="check_PREMIUM_Package" time="0.097" classname="Subscribe.Jawwy.testcases.Validate_Avalaible_Packages_Test"/>
  <system-out/>
  <testcase name="check_PREMIUM_Package" time="0.077" classname="Subscribe.Jawwy.testcases.Validate_Avalaible_Packages_Test"/>
  <system-out/>
  <testcase name="check_PREMIUM_Package" time="0.074" classname="Subscribe.Jawwy.testcases.Validate_Avalaible_Packages_Test"/>
  <system-out/>
  <testcase name="check_PREMIUM_Package" time="0.070" classname="Subscribe.Jawwy.testcases.Validate_Avalaible_Packages_Test"/>
  <system-out/>
</testsuite> <!-- Subscribe.Jawwy.testcases.Validate_Avalaible_Packages_Test -->
