<?xml version="1.0" encoding="UTF-8"?>
<!-- Generated by org.testng.reporters.JUnitReportReporter -->
<testsuite skipped="0" hostname="Hitendra-PC" name="Subscribe.Jawwy.testcases.AddToCartPageTest" tests="1" failures="0" timestamp="2020-07-17T23:42:09 IST" time="28.083" errors="0">
  <testcase name="addToCartTest" time="28.083" classname="Subscribe.Jawwy.testcases.AddToCartPageTest"/>
  <system-out/>
</testsuite> <!-- Subscribe.Jawwy.testcases.AddToCartPageTest -->
