<?xml version="1.0" encoding="UTF-8"?>
<!-- Generated by org.testng.reporters.JUnitReportReporter -->
<testsuite skipped="0" hostname="AS-40" name="Subscribe.Jawwy.testcases.Tunisia_Country_Selector_Test" tests="2" failures="0" timestamp="2023-03-19T01:45:26 EET" time="2.938" errors="0">
  <testcase name="Countryselector" time="0.160" classname="Subscribe.Jawwy.testcases.Tunisia_Country_Selector_Test"/>
  <system-out/>
  <testcase name="Tunisia" time="2.778" classname="Subscribe.Jawwy.testcases.Tunisia_Country_Selector_Test"/>
  <system-out/>
</testsuite> <!-- Subscribe.Jawwy.testcases.Tunisia_Country_Selector_Test -->
