<?xml version="1.0" encoding="UTF-8"?>
<!-- Generated by org.testng.reporters.JUnitReportReporter -->
<testsuite skipped="0" hostname="AS-40" name="Subscribe.Jawwy.testcases.CloseURL_Test" tests="13" failures="0" timestamp="2023-03-19T01:38:43 EET" time="1.252" errors="0">
  <testcase name="close" time="0.096" classname="Subscribe.Jawwy.testcases.CloseURL_Test"/>
  <system-out/>
  <testcase name="close" time="0.097" classname="Subscribe.Jawwy.testcases.CloseURL_Test"/>
  <system-out/>
  <testcase name="close" time="0.098" classname="Subscribe.Jawwy.testcases.CloseURL_Test"/>
  <system-out/>
  <testcase name="close" time="0.101" classname="Subscribe.Jawwy.testcases.CloseURL_Test"/>
  <system-out/>
  <testcase name="close" time="0.091" classname="Subscribe.Jawwy.testcases.CloseURL_Test"/>
  <system-out/>
  <testcase name="close" time="0.087" classname="Subscribe.Jawwy.testcases.CloseURL_Test"/>
  <system-out/>
  <testcase name="close" time="0.086" classname="Subscribe.Jawwy.testcases.CloseURL_Test"/>
  <system-out/>
  <testcase name="close" time="0.102" classname="Subscribe.Jawwy.testcases.CloseURL_Test"/>
  <system-out/>
  <testcase name="close" time="0.096" classname="Subscribe.Jawwy.testcases.CloseURL_Test"/>
  <system-out/>
  <testcase name="close" time="0.107" classname="Subscribe.Jawwy.testcases.CloseURL_Test"/>
  <system-out/>
  <testcase name="close" time="0.101" classname="Subscribe.Jawwy.testcases.CloseURL_Test"/>
  <system-out/>
  <testcase name="close" time="0.091" classname="Subscribe.Jawwy.testcases.CloseURL_Test"/>
  <system-out/>
  <testcase name="close" time="0.099" classname="Subscribe.Jawwy.testcases.CloseURL_Test"/>
  <system-out/>
</testsuite> <!-- Subscribe.Jawwy.testcases.CloseURL_Test -->
