<?xml version="1.0" encoding="UTF-8"?>
<!-- Generated by org.testng.reporters.JUnitReportReporter -->
<testsuite skipped="0" hostname="AS-40" name="Subscribe.Jawwy.testcases.Morocco_Country_Selector_Test" tests="2" failures="0" timestamp="2023-03-19T01:45:26 EET" time="1.487" errors="0">
  <testcase name="Countryselector" time="0.177" classname="Subscribe.Jawwy.testcases.Morocco_Country_Selector_Test"/>
  <system-out/>
  <testcase name="Morocco" time="1.310" classname="Subscribe.Jawwy.testcases.Morocco_Country_Selector_Test"/>
  <system-out/>
</testsuite> <!-- Subscribe.Jawwy.testcases.Morocco_Country_Selector_Test -->
