<?xml version="1.0" encoding="UTF-8"?>
<!-- Generated by org.testng.reporters.JUnitReportReporter -->
<testsuite skipped="0" hostname="AS-40" name="Subscribe.Jawwy.testcases.Morocco_Country_Selector_Test" tests="2" failures="0" timestamp="2023-03-19T01:38:43 EET" time="2.836" errors="0">
  <testcase name="Countryselector" time="0.153" classname="Subscribe.Jawwy.testcases.Morocco_Country_Selector_Test"/>
  <system-out/>
  <testcase name="Morocco" time="2.683" classname="Subscribe.Jawwy.testcases.Morocco_Country_Selector_Test"/>
  <system-out/>
</testsuite> <!-- Subscribe.Jawwy.testcases.Morocco_Country_Selector_Test -->
