<?xml version="1.0" encoding="UTF-8"?>
<!-- Generated by org.testng.reporters.JUnitReportReporter -->
<testsuite skipped="0" hostname="AS-40" name="Subscribe.Jawwy.testcases.OpenURL_Test" tests="3" failures="0" timestamp="2023-03-18T19:55:32 EET" time="11.626" errors="0">
  <testcase name="setup" time="4.163" classname="Subscribe.Jawwy.testcases.OpenURL_Test"/>
  <system-out/>
  <testcase name="setup" time="3.738" classname="Subscribe.Jawwy.testcases.OpenURL_Test"/>
  <system-out/>
  <testcase name="setup" time="3.725" classname="Subscribe.Jawwy.testcases.OpenURL_Test"/>
  <system-out/>
</testsuite> <!-- Subscribe.Jawwy.testcases.OpenURL_Test -->
