<?xml version="1.0" encoding="UTF-8"?>
<!-- Generated by org.testng.reporters.JUnitReportReporter -->
<testsuite skipped="0" hostname="AS-40" name="Subscribe.Jawwy.testcases.Validate_Egypt_Test" tests="1" failures="0" timestamp="2023-03-17T20:03:53 EET" time="0.175" errors="0">
  <testcase name="Countryselector" time="0.175" classname="Subscribe.Jawwy.testcases.Validate_Egypt_Test"/>
  <system-out/>
</testsuite> <!-- Subscribe.Jawwy.testcases.Validate_Egypt_Test -->
