<?xml version="1.0" encoding="UTF-8"?>
<!-- Generated by org.testng.reporters.JUnitReportReporter -->
<testsuite skipped="0" hostname="AS-40" name="Subscribe.Jawwy.testcases.CloseURL_Test" tests="13" failures="0" timestamp="2023-03-19T01:45:26 EET" time="1.241" errors="0">
  <testcase name="close" time="0.098" classname="Subscribe.Jawwy.testcases.CloseURL_Test"/>
  <system-out/>
  <testcase name="close" time="0.090" classname="Subscribe.Jawwy.testcases.CloseURL_Test"/>
  <system-out/>
  <testcase name="close" time="0.098" classname="Subscribe.Jawwy.testcases.CloseURL_Test"/>
  <system-out/>
  <testcase name="close" time="0.098" classname="Subscribe.Jawwy.testcases.CloseURL_Test"/>
  <system-out/>
  <testcase name="close" time="0.080" classname="Subscribe.Jawwy.testcases.CloseURL_Test"/>
  <system-out/>
  <testcase name="close" time="0.106" classname="Subscribe.Jawwy.testcases.CloseURL_Test"/>
  <system-out/>
  <testcase name="close" time="0.093" classname="Subscribe.Jawwy.testcases.CloseURL_Test"/>
  <system-out/>
  <testcase name="close" time="0.105" classname="Subscribe.Jawwy.testcases.CloseURL_Test"/>
  <system-out/>
  <testcase name="close" time="0.094" classname="Subscribe.Jawwy.testcases.CloseURL_Test"/>
  <system-out/>
  <testcase name="close" time="0.093" classname="Subscribe.Jawwy.testcases.CloseURL_Test"/>
  <system-out/>
  <testcase name="close" time="0.098" classname="Subscribe.Jawwy.testcases.CloseURL_Test"/>
  <system-out/>
  <testcase name="close" time="0.094" classname="Subscribe.Jawwy.testcases.CloseURL_Test"/>
  <system-out/>
  <testcase name="close" time="0.094" classname="Subscribe.Jawwy.testcases.CloseURL_Test"/>
  <system-out/>
</testsuite> <!-- Subscribe.Jawwy.testcases.CloseURL_Test -->
